0 silly argv {
0 silly argv   _: [ 'version' ],
0 silly argv   lernaVersion: '5.6.2',
0 silly argv   '$0': '..\\..\\AppData\\Roaming\\npm\\node_modules\\lerna\\cli.js',
0 silly argv   bump: '0.0.53'
0 silly argv }
1 notice cli v5.6.2
2 verbose rootPath C:\Users\Michael Puckett\Sites\activitypub-lerna
3 info current version 0.0.51
4 silly isAnythingCommitted
5 verbose isAnythingCommitted 1
6 silly getCurrentBranch
7 verbose currentBranch master
8 silly remoteBranchExists
9 silly isBehindUpstream
10 silly isBehindUpstream master is behind origin/master by 0 commit(s) and ahead by 1
11 silly hasTags
12 verbose hasTags true
13 silly git-describe.sync "v0.0.51-1-g3bb6038" => {"lastTagName":"v0.0.51","lastVersion":"v0.0.51","refCount":"1","sha":"3bb6038","isDirty":false}
14 info Looking for changed packages since v0.0.51
15 silly checking diff packages/activitypub-core-delivery
16 silly found diff in packages/activitypub-core-delivery/package.json
17 verbose filtered diff [ 'packages/activitypub-core-delivery/package.json' ]
18 silly checking diff packages/activitypub-core-example-mongodb-express-jsx
19 silly found diff in packages/activitypub-core-example-mongodb-express-jsx/package.json
20 verbose filtered diff [
20 verbose filtered diff   'packages/activitypub-core-example-mongodb-express-jsx/package.json'
20 verbose filtered diff ]
21 silly checking diff packages/activitypub-core-express-middleware
22 silly found diff in packages/activitypub-core-express-middleware/package.json
23 verbose filtered diff [ 'packages/activitypub-core-express-middleware/package.json' ]
24 silly checking diff packages/activitypub-core-jsx-components
25 silly found diff in packages/activitypub-core-jsx-components/package.json
26 verbose filtered diff [ 'packages/activitypub-core-jsx-components/package.json' ]
27 silly checking diff packages/activitypub-core-mongodb
28 silly found diff in packages/activitypub-core-mongodb/package.json
29 verbose filtered diff [ 'packages/activitypub-core-mongodb/package.json' ]
30 silly checking diff packages/activitypub-core-types
31 silly found diff in packages/activitypub-core-types/package.json
32 verbose filtered diff [ 'packages/activitypub-core-types/package.json' ]
33 silly checking diff packages/activitypub-core-utilities
34 silly found diff in packages/activitypub-core-utilities/package.json
35 verbose filtered diff [ 'packages/activitypub-core-utilities/package.json' ]
36 silly checking diff packages/activitypub-core
37 silly found diff in packages/activitypub-core/package.json
38 verbose filtered diff [ 'packages/activitypub-core/package.json' ]
39 verbose updated activitypub-core-delivery
40 verbose updated activitypub-core-example-mongodb-express-jsx
41 verbose updated activitypub-core-express-middleware
42 verbose updated activitypub-core-jsx-components
43 verbose updated activitypub-core-mongodb
44 verbose updated activitypub-core-types
45 verbose updated activitypub-core-utilities
46 verbose updated activitypub-core
47 verbose git-describe undefined => "v0.0.51-1-g3bb6038"
48 silly git-describe parsed => {"lastTagName":"v0.0.51","lastVersion":"v0.0.51","refCount":"1","sha":"3bb6038","isDirty":false}
49 info execute Skipping releases
50 silly lifecycle No script for "preversion" in "root", continuing
51 silly lifecycle No script for "preversion" in "activitypub-core-types", continuing
52 silly lifecycle No script for "version" in "activitypub-core-types", continuing
53 silly lifecycle No script for "preversion" in "activitypub-core-utilities", continuing
54 silly lifecycle No script for "version" in "activitypub-core-utilities", continuing
55 silly lifecycle No script for "preversion" in "activitypub-core-delivery", continuing
56 silly lifecycle No script for "preversion" in "activitypub-core-jsx-components", continuing
57 silly lifecycle No script for "version" in "activitypub-core-jsx-components", continuing
58 silly lifecycle No script for "version" in "activitypub-core-delivery", continuing
59 silly lifecycle No script for "preversion" in "activitypub-core-mongodb", continuing
60 silly lifecycle No script for "preversion" in "activitypub-core", continuing
61 silly lifecycle No script for "version" in "activitypub-core-mongodb", continuing
62 silly lifecycle No script for "version" in "activitypub-core", continuing
63 silly lifecycle No script for "preversion" in "activitypub-core-express-middleware", continuing
64 silly lifecycle No script for "version" in "activitypub-core-express-middleware", continuing
65 silly lifecycle No script for "preversion" in "activitypub-core-example-mongodb-express-jsx", continuing
66 silly lifecycle No script for "version" in "activitypub-core-example-mongodb-express-jsx", continuing
67 verbose version Updating root package-lock.json
68 error Error: Command failed with exit code 1: npm install --package-lock-only --ignore-scripts
68 error npm ERR! code ETARGET
68 error npm ERR! notarget No matching version found for activitypub-core-delivery@^0.0.53.
68 error npm ERR! notarget In most cases you or one of your dependencies are requesting
68 error npm ERR! notarget a package version that doesn't exist.
68 error
68 error npm ERR! A complete log of this run can be found in:
68 error npm ERR!     C:\Users\Michael Puckett\AppData\Local\npm-cache\_logs\2022-10-14T12_58_40_382Z-debug.log
68 error     at makeError (C:\Users\Michael Puckett\Sites\activitypub-lerna\node_modules\execa\lib\error.js:60:11)
68 error     at handlePromise (C:\Users\Michael Puckett\Sites\activitypub-lerna\node_modules\execa\index.js:118:26)
68 error     at processTicksAndRejections (node:internal/process/task_queues:96:5)
68 error     at async Promise.all (index 0)
